[debug] [2023-01-21T18:19:59.781Z] ----------------------------------------------------------------------
[debug] [2023-01-21T18:19:59.783Z] Command:       C:\Program Files\nodejs\node.exe C:\Users\Pragadesh\AppData\Roaming\npm\node_modules\firebase-tools\lib\bin\firebase.js deploy --only hosting,functions:nextServer2
[debug] [2023-01-21T18:19:59.784Z] CLI Version:   11.21.0
[debug] [2023-01-21T18:19:59.784Z] Platform:      win32
[debug] [2023-01-21T18:19:59.784Z] Node Version:  v16.17.0
[debug] [2023-01-21T18:19:59.785Z] Time:          Sat Jan 21 2023 23:49:59 GMT+0530 (India Standard Time)
[debug] [2023-01-21T18:19:59.785Z] ----------------------------------------------------------------------
[debug] 
[debug] [2023-01-21T18:19:59.874Z] > command requires scopes: ["email","openid","https://www.googleapis.com/auth/cloudplatformprojects.readonly","https://www.googleapis.com/auth/firebase","https://www.googleapis.com/auth/cloud-platform"]
[debug] [2023-01-21T18:19:59.875Z] > authorizing via signed-in user (praha37v@gmail.com)
[debug] [2023-01-21T18:19:59.875Z] [iam] checking project produce-ui-next for permissions ["cloudfunctions.functions.create","cloudfunctions.functions.delete","cloudfunctions.functions.get","cloudfunctions.functions.list","cloudfunctions.functions.update","cloudfunctions.operations.get","firebase.projects.get","firebasehosting.sites.update"]
[debug] [2023-01-21T18:19:59.877Z] > refreshing access token with scopes: []
[debug] [2023-01-21T18:19:59.879Z] >>> [apiv2][query] POST https://www.googleapis.com/oauth2/v3/token [none]
[debug] [2023-01-21T18:19:59.879Z] >>> [apiv2][body] POST https://www.googleapis.com/oauth2/v3/token [omitted]
[debug] [2023-01-21T18:20:00.041Z] <<< [apiv2][status] POST https://www.googleapis.com/oauth2/v3/token 200
[debug] [2023-01-21T18:20:00.041Z] <<< [apiv2][body] POST https://www.googleapis.com/oauth2/v3/token [omitted]
[debug] [2023-01-21T18:20:00.047Z] >>> [apiv2][query] POST https://cloudresourcemanager.googleapis.com/v1/projects/produce-ui-next:testIamPermissions [none]
[debug] [2023-01-21T18:20:00.047Z] >>> [apiv2][(partial)header] POST https://cloudresourcemanager.googleapis.com/v1/projects/produce-ui-next:testIamPermissions x-goog-quota-user=projects/produce-ui-next
[debug] [2023-01-21T18:20:00.048Z] >>> [apiv2][body] POST https://cloudresourcemanager.googleapis.com/v1/projects/produce-ui-next:testIamPermissions {"permissions":["cloudfunctions.functions.create","cloudfunctions.functions.delete","cloudfunctions.functions.get","cloudfunctions.functions.list","cloudfunctions.functions.update","cloudfunctions.operations.get","firebase.projects.get","firebasehosting.sites.update"]}
[debug] [2023-01-21T18:20:01.276Z] <<< [apiv2][status] POST https://cloudresourcemanager.googleapis.com/v1/projects/produce-ui-next:testIamPermissions 200
[debug] [2023-01-21T18:20:01.276Z] <<< [apiv2][body] POST https://cloudresourcemanager.googleapis.com/v1/projects/produce-ui-next:testIamPermissions {"permissions":["cloudfunctions.functions.create","cloudfunctions.functions.delete","cloudfunctions.functions.get","cloudfunctions.functions.list","cloudfunctions.functions.update","cloudfunctions.operations.get","firebase.projects.get","firebasehosting.sites.update"]}
[debug] [2023-01-21T18:20:01.277Z] >>> [apiv2][query] POST https://iam.googleapis.com/v1/projects/produce-ui-next/serviceAccounts/produce-ui-next@appspot.gserviceaccount.com:testIamPermissions [none]
[debug] [2023-01-21T18:20:01.277Z] >>> [apiv2][body] POST https://iam.googleapis.com/v1/projects/produce-ui-next/serviceAccounts/produce-ui-next@appspot.gserviceaccount.com:testIamPermissions {"permissions":["iam.serviceAccounts.actAs"]}
[debug] [2023-01-21T18:20:01.742Z] <<< [apiv2][status] POST https://iam.googleapis.com/v1/projects/produce-ui-next/serviceAccounts/produce-ui-next@appspot.gserviceaccount.com:testIamPermissions 200
[debug] [2023-01-21T18:20:01.742Z] <<< [apiv2][body] POST https://iam.googleapis.com/v1/projects/produce-ui-next/serviceAccounts/produce-ui-next@appspot.gserviceaccount.com:testIamPermissions {"permissions":["iam.serviceAccounts.actAs"]}
[debug] [2023-01-21T18:20:01.744Z] >>> [apiv2][query] GET https://firebase.googleapis.com/v1beta1/projects/produce-ui-next [none]
[debug] [2023-01-21T18:20:02.099Z] <<< [apiv2][status] GET https://firebase.googleapis.com/v1beta1/projects/produce-ui-next 200
[debug] [2023-01-21T18:20:02.099Z] <<< [apiv2][body] GET https://firebase.googleapis.com/v1beta1/projects/produce-ui-next {"projectId":"produce-ui-next","projectNumber":"372981820539","displayName":"produce-ui-next","name":"projects/produce-ui-next","resources":{"hostingSite":"produce-ui-next"},"state":"ACTIVE","etag":"1_0d0093da-b8ff-4025-8726-019ab9632904"}
[debug] [2023-01-21T18:20:06.704Z] defaultcredentials: writing to file C:\Users\Pragadesh\AppData\Roaming\firebase\praha37v_gmail_com_application_default_credentials.json
[debug] [2023-01-21T18:20:23.287Z] Error: ENOENT: no such file or directory, open 'C:\Users\Pragadesh\Desktop\next-js-portfolio-master\.next\server\middleware-manifest.json'
[error] 
[error] Error: An unexpected error has occurred.
